Arguments: 
  /home/alex/.nvm/versions/node/v14.15.1/bin/node /home/alex/.nvm/versions/node/v14.15.1/bin/yarn add -D nodemon

PATH: 
  /home/alex/.nvm/versions/node/v14.15.1/bin:/home/alex/bin:/home/alex/.local/bin:/usr/local/sbin:/usr/local/bin:/usr/sbin:/usr/bin:/sbin:/bin:/usr/games:/usr/local/games:/snap/bin

Yarn version: 
  1.22.10

Node version: 
  14.15.1

Platform: 
  linux x64

Trace: 
  Error: getaddrinfo EAI_AGAIN registry.yarnpkg.com
      at GetAddrInfoReqWrap.onlookup [as oncomplete] (dns.js:67:26)

npm manifest: 
  {
    "name": "server",
    "version": "1.0.0",
    "description": "",
    "main": "index.js",
    "scripts": {
      "server": "nodemon index.js"
    },
    "author": "",
    "license": "ISC",
    "dependencies": {
      "express": "^4.17.1"
    },
    "homepage": "."
  }

yarn manifest: 
  No manifest

Lockfile: 
  No lockfile
